
=== Sun Oct 27 18:18:08 2024

Packages were changed.
Update Mode: mergeDefaultDependencies

The following packages were updated:
  com.unity.inputsystem from version 1.8.2 to 1.11.0
  com.unity.render-pipelines.universal from version 14.0.7 to 14.0.11
  com.unity.textmeshpro from version 3.0.6 to 3.0.7
  com.unity.visualscripting from version 1.9.2 to 1.9.4
  com.unity.xr.arcore from version 5.1.4 to 5.1.5
  com.unity.xr.arfoundation from version 5.1.4 to 5.1.5
  com.unity.xr.arkit from version 5.1.4 to 5.1.5

=== Sun Oct 27 19:07:47 2024

Packages were changed.
Update Mode: updateDependencies

The following packages were added:
  com.unity.2d.sprite@1.0.0
  com.unity.2d.tilemap@1.0.0
  com.unity.ads@4.4.2
  com.unity.analytics@3.8.1
  com.unity.collab-proxy@2.5.1
  com.unity.ide.rider@3.0.31
  com.unity.purchasing@4.11.0
  com.unity.xr.legacyinputhelpers@2.1.11
  com.unity.ai.navigation@1.1.5
